2016-07-14 13:15:49,994 [12] INFO  - [MapService] [Thread ID : 6] Get : [Time : 2016-07-14 01:15:49.977] 
GET => 13/0/0
2016-07-14 13:15:50,113 [6] INFO  - [MapService] [Thread ID : 6] Get : Request End.
2016-07-14 13:15:51,876 [13] INFO  - [MapService] [Thread ID : 6] Get : [Time : 2016-07-14 01:15:51.876] 
GET => 13/0/0
2016-07-14 13:15:51,877 [6] INFO  - [MapService] [Thread ID : 6] Get : Request End.
2016-07-14 13:15:52,492 [14] INFO  - [MapService] [Thread ID : 6] Get : [Time : 2016-07-14 01:15:52.492] 
GET => 13/0/0
2016-07-14 13:15:52,493 [6] INFO  - [MapService] [Thread ID : 6] Get : Request End.
2016-07-14 13:15:52,963 [11] INFO  - [MapService] [Thread ID : 6] Get : [Time : 2016-07-14 01:15:52.963] 
GET => 13/0/0
2016-07-14 13:15:52,965 [6] INFO  - [MapService] [Thread ID : 6] Get : Request End.
2016-07-14 13:15:53,187 [12] INFO  - [MapService] [Thread ID : 6] Get : [Time : 2016-07-14 01:15:53.187] 
GET => 13/0/0
2016-07-14 13:15:53,188 [6] INFO  - [MapService] [Thread ID : 6] Get : Request End.
2016-07-14 13:15:53,379 [8] INFO  - [MapService] [Thread ID : 6] Get : [Time : 2016-07-14 01:15:53.379] 
GET => 13/0/0
2016-07-14 13:15:53,381 [6] INFO  - [MapService] [Thread ID : 6] Get : Request End.
2016-07-14 13:15:53,595 [10] INFO  - [MapService] [Thread ID : 6] Get : [Time : 2016-07-14 01:15:53.595] 
GET => 13/0/0
2016-07-14 13:15:53,596 [6] INFO  - [MapService] [Thread ID : 6] Get : Request End.
2016-07-14 13:15:53,790 [7] INFO  - [MapService] [Thread ID : 6] Get : [Time : 2016-07-14 01:15:53.789] 
GET => 13/0/0
2016-07-14 13:15:53,791 [6] INFO  - [MapService] [Thread ID : 6] Get : Request End.
2016-07-14 13:15:53,979 [9] INFO  - [MapService] [Thread ID : 6] Get : [Time : 2016-07-14 01:15:53.979] 
GET => 13/0/0
2016-07-14 13:15:53,981 [6] INFO  - [MapService] [Thread ID : 6] Get : Request End.
2016-07-14 13:15:54,547 [13] INFO  - [MapService] [Thread ID : 6] Get : [Time : 2016-07-14 01:15:54.547] 
GET => 13/0/0
2016-07-14 13:15:54,549 [6] INFO  - [MapService] [Thread ID : 6] Get : Request End.
2016-07-14 13:15:54,755 [14] INFO  - [MapService] [Thread ID : 6] Get : [Time : 2016-07-14 01:15:54.755] 
GET => 13/0/0
2016-07-14 13:15:54,757 [6] INFO  - [MapService] [Thread ID : 6] Get : Request End.
2016-07-14 13:15:55,143 [11] INFO  - [MapService] [Thread ID : 6] Get : [Time : 2016-07-14 01:15:55.143] 
GET => 13/0/0
2016-07-14 13:15:55,144 [6] INFO  - [MapService] [Thread ID : 6] Get : Request End.
2016-07-14 13:15:55,339 [12] INFO  - [MapService] [Thread ID : 6] Get : [Time : 2016-07-14 01:15:55.339] 
GET => 13/0/0
2016-07-14 13:15:55,341 [6] INFO  - [MapService] [Thread ID : 6] Get : Request End.
2016-07-14 13:25:07,449 [9] INFO  - [MapService] [Thread ID : 6] Get : [Time : 2016-07-14 01:25:07.431] 
GET => 13/0/0
2016-07-14 13:25:07,467 [6] INFO  - [MapService] [Thread ID : 6] Get : Request End.
2016-07-14 13:25:09,813 [10] INFO  - [MapService] [Thread ID : 6] Get : [Time : 2016-07-14 01:25:09.812] 
GET => 11/0/0
2016-07-14 13:25:09,814 [6] INFO  - [MapService] [Thread ID : 6] Get : Request End.
2016-07-14 13:25:10,286 [13] INFO  - [MapService] [Thread ID : 6] Get : [Time : 2016-07-14 01:25:10.286] 
GET => 11/0/0
2016-07-14 13:25:10,288 [6] INFO  - [MapService] [Thread ID : 6] Get : Request End.
2016-07-14 13:25:12,719 [12] INFO  - [MapService] [Thread ID : 6] Get : [Time : 2016-07-14 01:25:12.718] 
GET => 5/0/0
2016-07-14 13:25:12,722 [6] INFO  - [MapService] [Thread ID : 6] Get : Request End.
2016-07-14 13:25:13,302 [11] INFO  - [MapService] [Thread ID : 6] Get : [Time : 2016-07-14 01:25:13.302] 
GET => 5/0/0
2016-07-14 13:25:13,304 [6] INFO  - [MapService] [Thread ID : 6] Get : Request End.
2016-07-14 13:25:13,566 [7] INFO  - [MapService] [Thread ID : 6] Get : [Time : 2016-07-14 01:25:13.566] 
GET => 5/0/0
2016-07-14 13:25:13,568 [6] INFO  - [MapService] [Thread ID : 6] Get : Request End.
2016-07-14 13:25:13,854 [13] INFO  - [MapService] [Thread ID : 6] Get : [Time : 2016-07-14 01:25:13.854] 
GET => 5/0/0
2016-07-14 13:25:13,856 [6] INFO  - [MapService] [Thread ID : 6] Get : Request End.
2016-07-14 13:25:14,089 [8] INFO  - [MapService] [Thread ID : 6] Get : [Time : 2016-07-14 01:25:14.089] 
GET => 5/0/0
2016-07-14 13:25:14,091 [6] INFO  - [MapService] [Thread ID : 6] Get : Request End.
2016-07-14 13:25:14,270 [9] INFO  - [MapService] [Thread ID : 6] Get : [Time : 2016-07-14 01:25:14.27] 
GET => 5/0/0
2016-07-14 13:25:14,272 [6] INFO  - [MapService] [Thread ID : 6] Get : Request End.
2016-07-14 13:25:14,454 [10] INFO  - [MapService] [Thread ID : 6] Get : [Time : 2016-07-14 01:25:14.453] 
GET => 5/0/0
2016-07-14 13:25:14,456 [6] INFO  - [MapService] [Thread ID : 6] Get : Request End.
2016-07-14 13:25:14,631 [14] INFO  - [MapService] [Thread ID : 6] Get : [Time : 2016-07-14 01:25:14.63] 
GET => 5/0/0
2016-07-14 13:25:14,633 [6] INFO  - [MapService] [Thread ID : 6] Get : Request End.
2016-07-14 13:25:15,142 [12] INFO  - [MapService] [Thread ID : 6] Get : [Time : 2016-07-14 01:25:15.142] 
GET => 5/0/0
2016-07-14 13:25:15,144 [6] INFO  - [MapService] [Thread ID : 6] Get : Request End.
2016-07-14 13:25:15,319 [11] INFO  - [MapService] [Thread ID : 6] Get : [Time : 2016-07-14 01:25:15.319] 
GET => 5/0/0
2016-07-14 13:25:15,321 [6] INFO  - [MapService] [Thread ID : 6] Get : Request End.
2016-07-14 13:25:15,527 [7] INFO  - [MapService] [Thread ID : 6] Get : [Time : 2016-07-14 01:25:15.527] 
GET => 5/0/0
2016-07-14 13:25:15,529 [6] INFO  - [MapService] [Thread ID : 6] Get : Request End.
2016-07-14 13:25:15,799 [13] INFO  - [MapService] [Thread ID : 6] Get : [Time : 2016-07-14 01:25:15.799] 
GET => 5/0/0
2016-07-14 13:25:15,802 [6] INFO  - [MapService] [Thread ID : 6] Get : Request End.
2016-07-14 13:25:16,247 [12] INFO  - [MapService] [Thread ID : 6] Get : [Time : 2016-07-14 01:25:16.246] 
GET => 5/0/0
2016-07-14 13:25:16,249 [6] INFO  - [MapService] [Thread ID : 6] Get : Request End.
2016-07-14 13:25:19,032 [9] INFO  - [MapService] [Thread ID : 6] Get : [Time : 2016-07-14 01:25:19.032] 
GET => 5/0/0
2016-07-14 13:25:19,034 [6] INFO  - [MapService] [Thread ID : 6] Get : Request End.
2016-07-14 13:25:19,607 [10] INFO  - [MapService] [Thread ID : 6] Get : [Time : 2016-07-14 01:25:19.607] 
GET => 5/0/0
2016-07-14 13:25:19,609 [6] INFO  - [MapService] [Thread ID : 6] Get : Request End.
2016-07-14 13:25:20,103 [13] INFO  - [MapService] [Thread ID : 6] Get : [Time : 2016-07-14 01:25:20.103] 
GET => 5/0/0
2016-07-14 13:25:20,105 [6] INFO  - [MapService] [Thread ID : 6] Get : Request End.
2016-07-14 16:39:36,231 [12] INFO  - [MapService] [Thread ID : 3] Get : [Time : 2016-07-14 04:39:36.213] 
GET => 3/0/0
2016-07-14 16:39:36,251 [3] INFO  - [MapService] [Thread ID : 3] Get : Request End.
2016-07-14 16:39:40,516 [10] INFO  - [MapService] [Thread ID : 3] Get : [Time : 2016-07-14 04:39:40.516] 
GET => 3/3/3
2016-07-14 16:39:40,520 [3] INFO  - [MapService] [Thread ID : 3] Get : Request End.
2016-07-14 16:39:42,972 [12] INFO  - [MapService] [Thread ID : 3] Get : [Time : 2016-07-14 04:39:42.972] 
GET => 3/3/4
2016-07-14 16:39:43,044 [10] ERROR - [MapService] [Thread ID : 3] Get : System.Web.HttpException (0x80004005): HTTP/1.1 404 Not Found
   위치: TileRestService.TileService.Get() 파일 d:\Projects\AI Sources\TileService\TileService\TileRestService\TileService.cs:줄 75
2016-07-14 16:39:43,062 [3] INFO  - [MapService] [Thread ID : 3] Get : Request End.
2016-07-14 16:39:44,079 [12] INFO  - [MapService] [Thread ID : 3] Get : [Time : 2016-07-14 04:39:44.078] 
GET => 3/3/4
2016-07-14 16:39:44,079 [3] INFO  - [MapService] [Thread ID : 3] Get : Request End.
2016-07-14 16:39:44,079 [10] ERROR - [MapService] [Thread ID : 3] Get : System.Web.HttpException (0x80004005): HTTP/1.1 404 Not Found
   위치: TileRestService.TileService.Get() 파일 d:\Projects\AI Sources\TileService\TileService\TileRestService\TileService.cs:줄 75
2016-07-14 16:39:44,686 [4] INFO  - [MapService] [Thread ID : 4] Get : Request End.
2016-07-14 16:39:44,686 [12] INFO  - [MapService] [Thread ID : 4] Get : [Time : 2016-07-14 04:39:44.686] 
GET => 3/3/4
2016-07-14 16:39:44,686 [18] ERROR - [MapService] [Thread ID : 4] Get : System.Web.HttpException (0x80004005): HTTP/1.1 404 Not Found
   위치: TileRestService.TileService.Get() 파일 d:\Projects\AI Sources\TileService\TileService\TileRestService\TileService.cs:줄 75
2016-07-14 16:39:45,143 [4] INFO  - [MapService] [Thread ID : 4] Get : Request End.
2016-07-14 16:39:45,143 [12] INFO  - [MapService] [Thread ID : 4] Get : [Time : 2016-07-14 04:39:45.143] 
GET => 3/3/4
2016-07-14 16:39:45,143 [17] ERROR - [MapService] [Thread ID : 4] Get : System.Web.HttpException (0x80004005): HTTP/1.1 404 Not Found
   위치: TileRestService.TileService.Get() 파일 d:\Projects\AI Sources\TileService\TileService\TileRestService\TileService.cs:줄 75
2016-07-14 16:48:46,153 [18] INFO  - [MapService] [Thread ID : 11] Get : [Time : 2016-07-14 04:48:46.153] 
GET => 3/3/4
2016-07-14 16:48:46,154 [11] INFO  - [MapService] [Thread ID : 11] Get : Request End.
2016-07-14 16:48:46,154 [18] ERROR - [MapService] [Thread ID : 11] Get : System.Web.HttpException (0x80004005): HTTP/1.1 404 Not Found
   위치: TileRestService.TileService.Get() 파일 d:\Projects\AI Sources\TileService\TileService\TileRestService\TileService.cs:줄 75
2016-07-14 16:48:46,505 [14] INFO  - [MapService] [Thread ID : 11] Get : [Time : 2016-07-14 04:48:46.505] 
GET => 3/3/4
2016-07-14 16:48:46,505 [5] ERROR - [MapService] [Thread ID : 11] Get : System.Web.HttpException (0x80004005): HTTP/1.1 404 Not Found
   위치: TileRestService.TileService.Get() 파일 d:\Projects\AI Sources\TileService\TileService\TileRestService\TileService.cs:줄 75
2016-07-14 16:48:46,505 [11] INFO  - [MapService] [Thread ID : 11] Get : Request End.
2016-07-14 16:48:46,690 [4] INFO  - [MapService] [Thread ID : 11] Get : [Time : 2016-07-14 04:48:46.69] 
GET => 3/3/4
2016-07-14 16:48:46,690 [18] ERROR - [MapService] [Thread ID : 11] Get : System.Web.HttpException (0x80004005): HTTP/1.1 404 Not Found
   위치: TileRestService.TileService.Get() 파일 d:\Projects\AI Sources\TileService\TileService\TileRestService\TileService.cs:줄 75
2016-07-14 16:48:46,690 [11] INFO  - [MapService] [Thread ID : 11] Get : Request End.
2016-07-14 16:48:46,859 [5] INFO  - [MapService] [Thread ID : 11] Get : [Time : 2016-07-14 04:48:46.859] 
GET => 3/3/4
2016-07-14 16:48:46,859 [4] ERROR - [MapService] [Thread ID : 11] Get : System.Web.HttpException (0x80004005): HTTP/1.1 404 Not Found
   위치: TileRestService.TileService.Get() 파일 d:\Projects\AI Sources\TileService\TileService\TileRestService\TileService.cs:줄 75
2016-07-14 16:48:46,859 [11] INFO  - [MapService] [Thread ID : 11] Get : Request End.
2016-07-14 16:48:50,305 [14] INFO  - [MapService] [Thread ID : 11] Get : [Time : 2016-07-14 04:48:50.305] 
GET => 3/3/3
2016-07-14 16:48:50,308 [11] INFO  - [MapService] [Thread ID : 11] Get : Request End.
2016-07-14 16:48:54,345 [5] INFO  - [MapService] [Thread ID : 11] Get : [Time : 2016-07-14 04:48:54.345] 
GET => 3/4/3
2016-07-14 16:48:54,348 [11] INFO  - [MapService] [Thread ID : 11] Get : Request End.
